\BOOKMARK [0][-]{chapter.1}{Einleitung}{}% 1
\BOOKMARK [1][-]{section.1.1}{Ziele der Arbeit}{chapter.1}% 2
\BOOKMARK [1][-]{section.1.2}{Vorgehensweise}{chapter.1}% 3
\BOOKMARK [0][-]{chapter.2}{Theoretische Grundlagen}{}% 4
\BOOKMARK [1][-]{section.2.1}{Literaturrecherche}{chapter.2}% 5
\BOOKMARK [1][-]{section.2.2}{Bewertung der Arbeit}{chapter.2}% 6
\BOOKMARK [1][-]{section.2.3}{Formelzeichen}{chapter.2}% 7
\BOOKMARK [0][-]{chapter.3}{Hauptteil}{}% 8
\BOOKMARK [1][-]{section.3.1}{Referenzieren und Zitieren}{chapter.3}% 9
\BOOKMARK [1][-]{section.3.2}{Programmieren}{chapter.3}% 10
\BOOKMARK [2][-]{subsection.3.2.1}{Unterunterkapitel}{section.3.2}% 11
\BOOKMARK [0][-]{chapter.4}{Ergebnisse}{}% 12
\BOOKMARK [1][-]{section.4.1}{Grafiken und Text}{chapter.4}% 13
\BOOKMARK [1][-]{section.4.2}{Erstellen dieses Dokuments}{chapter.4}% 14
\BOOKMARK [0][-]{chapter.5}{Zusammenfassung}{}% 15
\BOOKMARK [0][-]{chapter.6}{Fazit und Ausblick}{}% 16
\BOOKMARK [0][-]{chapter.6}{Literaturverzeichnis}{}% 17
\BOOKMARK [0][-]{chapter.6}{Abbildungsverzeichnis}{}% 18
\BOOKMARK [0][-]{chapter*.5}{Tabellenverzeichnis}{}% 19
\BOOKMARK [0][-]{chapter*.7}{Symbolverzeichnis}{}% 20
\BOOKMARK [0][-]{appendix.A}{Projekt Management}{}% 21
\BOOKMARK [1][-]{section.A.1}{Work Breakdown Structure}{appendix.A}% 22
\BOOKMARK [1][-]{section.A.2}{Zeitplan}{appendix.A}% 23
\BOOKMARK [1][-]{section.A.3}{Work Package Description}{appendix.A}% 24
